==2692== Memcheck, a memory error detector
==2692== Copyright (C) 2002-2017, and GNU GPL'd, by Julian Seward et al.
==2692== Using Valgrind-3.13.0 and LibVEX; rerun with -h for copyright info
==2692== Command: bin/bourse -p 9999
==2692== Parent PID: 2680
==2692== 
==2692== 
==2692== FILE DESCRIPTORS: 9 open at exit.
==2692== Open AF_INET socket 6: 127.0.0.1:9999 <-> 127.0.0.1:53866
==2692==    at 0x4E4D6D7: accept (accept.c:26)
==2692==    by 0x10C824: Accept (csapp.c:419)
==2692==    by 0x10A380: main (main.c:56)
==2692== 
==2692== Open AF_INET socket 5: 0.0.0.0:9999 <-> unbound
==2692==    at 0x517DEC7: socket (syscall-template.S:78)
==2692==    by 0x10D09E: open_listenfd (csapp.c:767)
==2692==    by 0x10D1C9: Open_listenfd (csapp.c:811)
==2692==    by 0x10A312: main (main.c:50)
==2692== 
==2692== Open file descriptor 13: /dev/shm/bxf_arena_2678 (deleted)
==2692==    <inherited from parent>
==2692== 
==2692== Open file descriptor 11: /dev/shm/bxf_arena_2678 (deleted)
==2692==    <inherited from parent>
==2692== 
==2692== Open file descriptor 4:
==2692==    <inherited from parent>
==2692== 
==2692== Open file descriptor 3: /media/share/yiyuyang/hw5/valgrind.out
==2692==    <inherited from parent>
==2692== 
==2692== Open file descriptor 2: /dev/pts/0
==2692==    <inherited from parent>
==2692== 
==2692== Open file descriptor 1: /dev/pts/0
==2692==    <inherited from parent>
==2692== 
==2692== Open file descriptor 0:
==2692==    <inherited from parent>
==2692== 
==2692== 
==2692== HEAP SUMMARY:
==2692==     in use at exit: 336 bytes in 9 blocks
==2692==   total heap usage: 16 allocs, 7 frees, 4,956 bytes allocated
==2692== 
==2692== 272 bytes in 1 blocks are possibly lost in loss record 9 of 9
==2692==    at 0x4C31B25: calloc (in /usr/lib/valgrind/vgpreload_memcheck-amd64-linux.so)
==2692==    by 0x40134A6: allocate_dtv (dl-tls.c:286)
==2692==    by 0x40134A6: _dl_allocate_tls (dl-tls.c:530)
==2692==    by 0x4E44227: allocate_stack (allocatestack.c:627)
==2692==    by 0x4E44227: pthread_create@@GLIBC_2.2.5 (pthread_create.c:644)
==2692==    by 0x10C924: Pthread_create (csapp.c:465)
==2692==    by 0x10A3B0: main (main.c:57)
==2692== 
==2692== LEAK SUMMARY:
==2692==    definitely lost: 0 bytes in 0 blocks
==2692==    indirectly lost: 0 bytes in 0 blocks
==2692==      possibly lost: 272 bytes in 1 blocks
==2692==    still reachable: 64 bytes in 8 blocks
==2692==         suppressed: 0 bytes in 0 blocks
==2692== Reachable blocks (those to which a pointer was found) are not shown.
==2692== To see them, rerun with: --leak-check=full --show-leak-kinds=all
==2692== 
==2692== For counts of detected and suppressed errors, rerun with: -v
==2692== ERROR SUMMARY: 1 errors from 1 contexts (suppressed: 0 from 0)
